Determining if the pthread_create exist failed with the following output:
Change Dir: /home/xu/Desktop/pcl_ws/build/CMakeFiles/CMakeTmp

Run Build Command:"/usr/bin/make" "cmTC_fad62/fast"
/usr/bin/make -f CMakeFiles/cmTC_fad62.dir/build.make CMakeFiles/cmTC_fad62.dir/build
make[1]: Entering directory '/home/xu/Desktop/pcl_ws/build/CMakeFiles/CMakeTmp'
Building C object CMakeFiles/cmTC_fad62.dir/CheckSymbolExists.c.o
/usr/bin/cc    -o CMakeFiles/cmTC_fad62.dir/CheckSymbolExists.c.o   -c /home/xu/Desktop/pcl_ws/build/CMakeFiles/CMakeTmp/CheckSymbolExists.c
Linking C executable cmTC_fad62
/usr/local/bin/cmake -E cmake_link_script CMakeFiles/cmTC_fad62.dir/link.txt --verbose=1
/usr/bin/cc      -rdynamic CMakeFiles/cmTC_fad62.dir/CheckSymbolExists.c.o  -o cmTC_fad62 
CMakeFiles/cmTC_fad62.dir/CheckSymbolExists.c.o: In function `main':
CheckSymbolExists.c:(.text+0x16): undefined reference to `pthread_create'
collect2: error: ld returned 1 exit status
CMakeFiles/cmTC_fad62.dir/build.make:86: recipe for target 'cmTC_fad62' failed
make[1]: *** [cmTC_fad62] Error 1
make[1]: Leaving directory '/home/xu/Desktop/pcl_ws/build/CMakeFiles/CMakeTmp'
Makefile:121: recipe for target 'cmTC_fad62/fast' failed
make: *** [cmTC_fad62/fast] Error 2

File /home/xu/Desktop/pcl_ws/build/CMakeFiles/CMakeTmp/CheckSymbolExists.c:
/* */
#include <pthread.h>

int main(int argc, char** argv)
{
  (void)argv;
#ifndef pthread_create
  return ((int*)(&pthread_create))[argc];
#else
  (void)argc;
  return 0;
#endif
}

Determining if the function pthread_create exists in the pthreads failed with the following output:
Change Dir: /home/xu/Desktop/pcl_ws/build/CMakeFiles/CMakeTmp

Run Build Command:"/usr/bin/make" "cmTC_9c1d7/fast"
/usr/bin/make -f CMakeFiles/cmTC_9c1d7.dir/build.make CMakeFiles/cmTC_9c1d7.dir/build
make[1]: Entering directory '/home/xu/Desktop/pcl_ws/build/CMakeFiles/CMakeTmp'
Building C object CMakeFiles/cmTC_9c1d7.dir/CheckFunctionExists.c.o
/usr/bin/cc   -DCHECK_FUNCTION_EXISTS=pthread_create   -o CMakeFiles/cmTC_9c1d7.dir/CheckFunctionExists.c.o   -c /usr/local/share/cmake-3.12/Modules/CheckFunctionExists.c
Linking C executable cmTC_9c1d7
/usr/local/bin/cmake -E cmake_link_script CMakeFiles/cmTC_9c1d7.dir/link.txt --verbose=1
/usr/bin/cc  -DCHECK_FUNCTION_EXISTS=pthread_create    -rdynamic CMakeFiles/cmTC_9c1d7.dir/CheckFunctionExists.c.o  -o cmTC_9c1d7 -lpthreads 
/usr/bin/ld: cannot find -lpthreads
collect2: error: ld returned 1 exit status
CMakeFiles/cmTC_9c1d7.dir/build.make:86: recipe for target 'cmTC_9c1d7' failed
make[1]: *** [cmTC_9c1d7] Error 1
make[1]: Leaving directory '/home/xu/Desktop/pcl_ws/build/CMakeFiles/CMakeTmp'
Makefile:121: recipe for target 'cmTC_9c1d7/fast' failed
make: *** [cmTC_9c1d7/fast] Error 2


